[debug] [2021-04-26T07:23:28.418Z] ----------------------------------------------------------------------
[debug] [2021-04-26T07:23:28.423Z] Command:       C:\Program Files\nodejs\node.exe C:\Users\Kunal\AppData\Roaming\npm\node_modules\firebase-tools\lib\bin\firebase.js init
[debug] [2021-04-26T07:23:28.424Z] CLI Version:   9.10.0
[debug] [2021-04-26T07:23:28.424Z] Platform:      win32
[debug] [2021-04-26T07:23:28.424Z] Node Version:  v14.15.3
[debug] [2021-04-26T07:23:28.426Z] Time:          Mon Apr 26 2021 12:53:28 GMT+0530 (India Standard Time)
[debug] [2021-04-26T07:23:28.427Z] ----------------------------------------------------------------------
[debug] 
[debug] [2021-04-26T07:23:28.448Z] > command requires scopes: ["email","openid","https://www.googleapis.com/auth/cloudplatformprojects.readonly","https://www.googleapis.com/auth/firebase","https://www.googleapis.com/auth/cloud-platform"]
[debug] [2021-04-26T07:23:28.449Z] > authorizing via signed-in user (kunal.parihar2494@gmail.com)
[info] 
     ######## #### ########  ######## ########     ###     ######  ########
     ##        ##  ##     ## ##       ##     ##  ##   ##  ##       ##
     ######    ##  ########  ######   ########  #########  ######  ######
     ##        ##  ##    ##  ##       ##     ## ##     ##       ## ##
     ##       #### ##     ## ######## ########  ##     ##  ######  ########

You're about to initialize a Firebase project in this directory:

  F:\FrontendTable\FrontendTable

Before we get started, keep in mind:

  * You are initializing in an existing Firebase project directory

[info] 
=== Project Setup
[info] 
[info] First, let's associate this project directory with a Firebase project.
[info] You can create multiple project aliases by running firebase use --add, 
[info] but for now we'll just set up a default project.
[info] 
[info] i  .firebaserc already has a default project, using material-application. 
[debug] [2021-04-26T07:23:35.940Z] >>> [apiv2][query] GET https://firebase.googleapis.com/v1beta1/projects/material-application [none]
[debug] [2021-04-26T07:23:37.563Z] <<< [apiv2][status] GET https://firebase.googleapis.com/v1beta1/projects/material-application 200
[debug] [2021-04-26T07:23:37.563Z] <<< [apiv2][body] GET https://firebase.googleapis.com/v1beta1/projects/material-application {"projectId":"material-application","projectNumber":"1093044921555","displayName":"Material Application","name":"projects/material-application","resources":{"hostingSite":"material-application"},"state":"DELETED"}
[info] 
=== Hosting Setup
[info] 
[info] Your public directory is the folder (relative to your project directory) that
[info] will contain Hosting assets to be uploaded with firebase deploy. If you
[info] have a build process for your assets, use your build's output directory.
[info] 
